#
# There is insufficient memory for the Java Runtime Environment to continue.
# Native memory allocation (malloc) failed to allocate 1377296 bytes for Chunk::new
# Possible reasons:
#   The system is out of physical RAM or swap space
#   In 32 bit mode, the process size limit was hit
# Possible solutions:
#   Reduce memory load on the system
#   Increase physical memory or swap space
#   Check if swap backing store is full
#   Use 64 bit Java on a 64 bit OS
#   Decrease Java heap size (-Xmx/-Xms)
#   Decrease number of Java threads
#   Decrease Java thread stack sizes (-Xss)
#   Set larger code cache with -XX:ReservedCodeCacheSize=
# This output file may be truncated or incomplete.
#
#  Out of Memory Error (allocation.cpp:390), pid=19824, tid=0x0000000000003cf4
#
# JRE version: Java(TM) SE Runtime Environment (8.0_144-b01) (build 1.8.0_144-b01)
# Java VM: Java HotSpot(TM) 64-Bit Server VM (25.144-b01 mixed mode windows-amd64 compressed oops)
# Failed to write core dump. Minidumps are not enabled by default on client versions of Windows
#

---------------  T H R E A D  ---------------

Current thread (0x0000000019ddf800):  JavaThread "C2 CompilerThread1" daemon [_thread_in_native, id=15604, stack(0x000000001a610000,0x000000001a710000)]

Stack: [0x000000001a610000,0x000000001a710000]
[error occurred during error reporting (printing stack bounds), id 0xc0000005]

Native frames: (J=compiled Java code, j=interpreted, Vv=VM code, C=native code)


Current CompileTask:
C2:  45313 5278       4       java.net.URLClassLoader$1::run (5 bytes)


---------------  P R O C E S S  ---------------

Java Threads: ( => current thread )
  0x0000000020d81800 JavaThread "Scheduler-492938056" [_thread_blocked, id=2260, stack(0x0000000022ec0000,0x0000000022fc0000)]
  0x0000000020d81000 JavaThread "qtp650859015-27" [_thread_blocked, id=17328, stack(0x0000000022bc0000,0x0000000022cc0000)]
  0x0000000020d80000 JavaThread "qtp650859015-26" [_thread_blocked, id=14664, stack(0x0000000022ac0000,0x0000000022bc0000)]
  0x0000000020d7a000 JavaThread "qtp650859015-25" [_thread_in_native, id=6508, stack(0x00000000229c0000,0x0000000022ac0000)]
  0x0000000020d7d000 JavaThread "Scheduler-727469847" [_thread_blocked, id=1152, stack(0x00000000228c0000,0x00000000229c0000)]
  0x0000000020d7b000 JavaThread "qtp650859015-23" [_thread_blocked, id=14224, stack(0x00000000227c0000,0x00000000228c0000)]
  0x000000001ba88000 JavaThread "qtp650859015-21" [_thread_in_native, id=20888, stack(0x0000000021b70000,0x0000000021c70000)]
  0x000000001ba87800 JavaThread "qtp650859015-20" [_thread_blocked, id=13932, stack(0x0000000021a70000,0x0000000021b70000)]
  0x000000001ba8b000 JavaThread "qtp650859015-19" [_thread_in_native, id=10008, stack(0x0000000021870000,0x0000000021970000)]
  0x000000001ba8a800 JavaThread "qtp650859015-18" [_thread_blocked, id=13504, stack(0x0000000021770000,0x0000000021870000)]
  0x000000001ba86800 JavaThread "qtp650859015-17-acceptor-0@6f29a4fd-ServerConnector@3d90eeb3{HTTP/1.1,[http/1.1]}{0.0.0.0:8080}" [_thread_in_native, id=18216, stack(0x0000000021670000,0x0000000021770000)]
  0x000000001ba85800 JavaThread "qtp650859015-16" [_thread_blocked, id=21420, stack(0x0000000020310000,0x0000000020410000)]
  0x000000001ba89800 JavaThread "qtp650859015-15" [_thread_blocked, id=16136, stack(0x000000001efb0000,0x000000001f0b0000)]
  0x000000001ba89000 JavaThread "qtp650859015-14" [_thread_in_native, id=11552, stack(0x000000001cae0000,0x000000001cbe0000)]
  0x0000000019e35000 JavaThread "Service Thread" daemon [_thread_blocked, id=16628, stack(0x000000001a910000,0x000000001aa10000)]
  0x0000000019df3800 JavaThread "C1 CompilerThread3" daemon [_thread_blocked, id=10432, stack(0x000000001a810000,0x000000001a910000)]
  0x0000000019de6800 JavaThread "C2 CompilerThread2" daemon [_thread_in_native, id=1844, stack(0x000000001a710000,0x000000001a810000)]
=>0x0000000019ddf800 JavaThread "C2 CompilerThread1" daemon [_thread_in_native, id=15604, stack(0x000000001a610000,0x000000001a710000)]
  0x0000000019ddf000 JavaThread "C2 CompilerThread0" daemon [_thread_in_native, id=13316, stack(0x000000001a510000,0x000000001a610000)]
  0x0000000019dd3800 JavaThread "Monitor Ctrl-Break" daemon [_thread_in_native, id=21328, stack(0x000000001a410000,0x000000001a510000)]
  0x0000000019d9d000 JavaThread "Attach Listener" daemon [_thread_blocked, id=13884, stack(0x000000001a310000,0x000000001a410000)]
  0x0000000019d9c000 JavaThread "Signal Dispatcher" daemon [_thread_blocked, id=22744, stack(0x000000001a210000,0x000000001a310000)]
  0x0000000002eb9000 JavaThread "Finalizer" daemon [_thread_blocked, id=13036, stack(0x000000001a110000,0x000000001a210000)]
  0x0000000002eb8000 JavaThread "Reference Handler" daemon [_thread_blocked, id=8064, stack(0x0000000019c10000,0x0000000019d10000)]
  0x000000000278e800 JavaThread "main" [_thread_blocked, id=14232, stack(0x0000000002790000,0x0000000002890000)]

Other Threads:
  0x0000000017e29800 VMThread [stack: 0x0000000019b10000,0x0000000019c10000] [id=5576]
  0x0000000019e3b800 WatcherThread [stack: 0x000000001aa10000,0x000000001ab10000] [id=24464]

VM state:not at safepoint (normal execution)

VM Mutex/Monitor currently owned by a thread: None

Heap:
 PSYoungGen      total 140288K, used 50446K [0x00000000d5f80000, 0x00000000e2900000, 0x0000000100000000)
  eden space 121344K, 41% used [0x00000000d5f80000,0x00000000d90c3908,0x00000000dd600000)
  from space 18944K, 0% used [0x00000000deb00000,0x00000000deb00000,0x00000000dfd80000)
  to   space 21504K, 0% used [0x00000000dd600000,0x00000000dd600000,0x00000000deb00000)
 ParOldGen       total 123392K, used 28166K [0x0000000081e00000, 0x0000000089680000, 0x00000000d5f80000)
  object space 123392K, 22% used [0x0000000081e00000,0x0000000083981ac0,0x0000000089680000)
 Metaspace       used 38880K, capacity 39556K, committed 39808K, reserved 1085440K
  class space    used 4427K, capacity 4634K, committed 4736K, reserved 1048576K

Card table byte_map: [0x0000000012280000,0x0000000012680000] byte_map_base: 0x0000000011e71000

Marking Bits: (ParMarkBitMap*) 0x0000000058f0d850
 Begin Bits: [0x0000000013130000, 0x00000000150b8000)
 End Bits:   [0x00000000150b8000, 0x0000000017040000)

Polling page: 0x00000000005f0000

CodeCache: size=245760Kb used=16215Kb max_used=16237Kb free=229544Kb
 bounds [0x0000000002ec0000, 0x0000000003eb0000, 0x0000000011ec0000]
 total_blobs=5154 nmethods=4671 adapters=395
 compilation: enabled

Compilation events (10 events):
Event: 45.134 Thread 0x0000000019df3800 5441       3       sun.misc.JarIndex::get (49 bytes)
Event: 45.135 Thread 0x0000000019df3800 nmethod 5441 0x0000000003e970d0 code [0x0000000003e972a0, 0x0000000003e97b18]
Event: 45.135 Thread 0x0000000019df3800 5442   !   3       sun.misc.URLClassPath$JarLoader::getResource (353 bytes)
Event: 45.138 Thread 0x0000000019df3800 nmethod 5442 0x0000000003e97e50 code [0x0000000003e98260, 0x0000000003e9a088]
Event: 45.141 Thread 0x0000000019df3800 5443       3       java.util.concurrent.ConcurrentHashMap::<init> (5 bytes)
Event: 45.141 Thread 0x0000000019df3800 nmethod 5443 0x0000000003e9bb10 code [0x0000000003e9bc80, 0x0000000003e9be90]
Event: 45.141 Thread 0x0000000019df3800 5444       1       javax.el.ELContext::isPropertyResolved (5 bytes)
Event: 45.141 Thread 0x0000000019df3800 nmethod 5444 0x0000000003e9bf50 code [0x0000000003e9c0a0, 0x0000000003e9c1b0]
Event: 45.183 Thread 0x0000000019ddf000 nmethod 5268 0x0000000003ea1750 code [0x0000000003ea2020, 0x0000000003ea6490]
Event: 45.184 Thread 0x0000000019ddf000 5342       4       org.eclipse.jdt.internal.compiler.lookup.BinaryTypeBinding::createMethod (1491 bytes)

GC Heap History (10 events):
Event: 2.782 GC heap before
{Heap before GC invocations=6 (full 1):
 PSYoungGen      total 71680K, used 5112K [0x00000000d5f80000, 0x00000000dfa80000, 0x0000000100000000)
  eden space 66560K, 0% used [0x00000000d5f80000,0x00000000d5f80000,0x00000000da080000)
  from space 5120K, 99% used [0x00000000da080000,0x00000000da57e030,0x00000000da580000)
  to   space 12800K, 0% used [0x00000000dee00000,0x00000000dee00000,0x00000000dfa80000)
 ParOldGen       total 87552K, used 14378K [0x0000000081e00000, 0x0000000087380000, 0x00000000d5f80000)
  object space 87552K, 16% used [0x0000000081e00000,0x0000000082c0a988,0x0000000087380000)
 Metaspace       used 20786K, capacity 21162K, committed 21296K, reserved 1069056K
  class space    used 2538K, capacity 2671K, committed 2688K, reserved 1048576K
Event: 2.837 GC heap after
Heap after GC invocations=6 (full 1):
 PSYoungGen      total 71680K, used 0K [0x00000000d5f80000, 0x00000000dfa80000, 0x0000000100000000)
  eden space 66560K, 0% used [0x00000000d5f80000,0x00000000d5f80000,0x00000000da080000)
  from space 5120K, 0% used [0x00000000da080000,0x00000000da080000,0x00000000da580000)
  to   space 12800K, 0% used [0x00000000dee00000,0x00000000dee00000,0x00000000dfa80000)
 ParOldGen       total 75776K, used 14417K [0x0000000081e00000, 0x0000000086800000, 0x00000000d5f80000)
  object space 75776K, 19% used [0x0000000081e00000,0x0000000082c14460,0x0000000086800000)
 Metaspace       used 20786K, capacity 21162K, committed 21296K, reserved 1069056K
  class space    used 2538K, capacity 2671K, committed 2688K, reserved 1048576K
}
Event: 3.817 GC heap before
{Heap before GC invocations=7 (full 1):
 PSYoungGen      total 71680K, used 66560K [0x00000000d5f80000, 0x00000000dfa80000, 0x0000000100000000)
  eden space 66560K, 100% used [0x00000000d5f80000,0x00000000da080000,0x00000000da080000)
  from space 5120K, 0% used [0x00000000da080000,0x00000000da080000,0x00000000da580000)
  to   space 12800K, 0% used [0x00000000dee00000,0x00000000dee00000,0x00000000dfa80000)
 ParOldGen       total 75776K, used 14417K [0x0000000081e00000, 0x0000000086800000, 0x00000000d5f80000)
  object space 75776K, 19% used [0x0000000081e00000,0x0000000082c14460,0x0000000086800000)
 Metaspace       used 22152K, capacity 22562K, committed 22704K, reserved 1069056K
  class space    used 2633K, capacity 2771K, committed 2816K, reserved 1048576K
Event: 3.822 GC heap after
Heap after GC invocations=7 (full 1):
 PSYoungGen      total 93184K, used 3520K [0x00000000d5f80000, 0x00000000df180000, 0x0000000100000000)
  eden space 89600K, 0% used [0x00000000d5f80000,0x00000000d5f80000,0x00000000db700000)
  from space 3584K, 98% used [0x00000000dee00000,0x00000000df170000,0x00000000df180000)
  to   space 13312K, 0% used [0x00000000dd780000,0x00000000dd780000,0x00000000de480000)
 ParOldGen       total 75776K, used 14425K [0x0000000081e00000, 0x0000000086800000, 0x00000000d5f80000)
  object space 75776K, 19% used [0x0000000081e00000,0x0000000082c16460,0x0000000086800000)
 Metaspace       used 22152K, capacity 22562K, committed 22704K, reserved 1069056K
  class space    used 2633K, capacity 2771K, committed 2816K, reserved 1048576K
}
Event: 5.000 GC heap before
{Heap before GC invocations=8 (full 1):
 PSYoungGen      total 93184K, used 93120K [0x00000000d5f80000, 0x00000000df180000, 0x0000000100000000)
  eden space 89600K, 100% used [0x00000000d5f80000,0x00000000db700000,0x00000000db700000)
  from space 3584K, 98% used [0x00000000dee00000,0x00000000df170000,0x00000000df180000)
  to   space 13312K, 0% used [0x00000000dd780000,0x00000000dd780000,0x00000000de480000)
 ParOldGen       total 75776K, used 14425K [0x0000000081e00000, 0x0000000086800000, 0x00000000d5f80000)
  object space 75776K, 19% used [0x0000000081e00000,0x0000000082c166d0,0x0000000086800000)
 Metaspace       used 27818K, capacity 28360K, committed 28672K, reserved 1075200K
  class space    used 3290K, capacity 3498K, committed 3584K, reserved 1048576K
Event: 5.021 GC heap after
Heap after GC invocations=8 (full 1):
 PSYoungGen      total 136192K, used 13304K [0x00000000d5f80000, 0x00000000dfd80000, 0x0000000100000000)
  eden space 122880K, 0% used [0x00000000d5f80000,0x00000000d5f80000,0x00000000dd780000)
  from space 13312K, 99% used [0x00000000dd780000,0x00000000de47e2b0,0x00000000de480000)
  to   space 18944K, 0% used [0x00000000deb00000,0x00000000deb00000,0x00000000dfd80000)
 ParOldGen       total 75776K, used 21180K [0x0000000081e00000, 0x0000000086800000, 0x00000000d5f80000)
  object space 75776K, 27% used [0x0000000081e00000,0x00000000832af228,0x0000000086800000)
 Metaspace       used 27818K, capacity 28360K, committed 28672K, reserved 1075200K
  class space    used 3290K, capacity 3498K, committed 3584K, reserved 1048576K
}
Event: 10.375 GC heap before
{Heap before GC invocations=9 (full 1):
 PSYoungGen      total 136192K, used 93966K [0x00000000d5f80000, 0x00000000dfd80000, 0x0000000100000000)
  eden space 122880K, 65% used [0x00000000d5f80000,0x00000000dae45558,0x00000000dd780000)
  from space 13312K, 99% used [0x00000000dd780000,0x00000000de47e2b0,0x00000000de480000)
  to   space 18944K, 0% used [0x00000000deb00000,0x00000000deb00000,0x00000000dfd80000)
 ParOldGen       total 75776K, used 21180K [0x0000000081e00000, 0x0000000086800000, 0x00000000d5f80000)
  object space 75776K, 27% used [0x0000000081e00000,0x00000000832af228,0x0000000086800000)
 Metaspace       used 34638K, capacity 35312K, committed 35496K, reserved 1081344K
  class space    used 4050K, capacity 4255K, committed 4352K, reserved 1048576K
Event: 10.386 GC heap after
Heap after GC invocations=9 (full 1):
 PSYoungGen      total 140288K, used 17519K [0x00000000d5f80000, 0x00000000e2900000, 0x0000000100000000)
  eden space 121344K, 0% used [0x00000000d5f80000,0x00000000d5f80000,0x00000000dd600000)
  from space 18944K, 92% used [0x00000000deb00000,0x00000000dfc1bf00,0x00000000dfd80000)
  to   space 21504K, 0% used [0x00000000dd600000,0x00000000dd600000,0x00000000deb00000)
 ParOldGen       total 75776K, used 21188K [0x0000000081e00000, 0x0000000086800000, 0x00000000d5f80000)
  object space 75776K, 27% used [0x0000000081e00000,0x00000000832b1228,0x0000000086800000)
 Metaspace       used 34638K, capacity 35312K, committed 35496K, reserved 1081344K
  class space    used 4050K, capacity 4255K, committed 4352K, reserved 1048576K
}
Event: 10.386 GC heap before
{Heap before GC invocations=10 (full 2):
 PSYoungGen      total 140288K, used 17519K [0x00000000d5f80000, 0x00000000e2900000, 0x0000000100000000)
  eden space 121344K, 0% used [0x00000000d5f80000,0x00000000d5f80000,0x00000000dd600000)
  from space 18944K, 92% used [0x00000000deb00000,0x00000000dfc1bf00,0x00000000dfd80000)
  to   space 21504K, 0% used [0x00000000dd600000,0x00000000dd600000,0x00000000deb00000)
 ParOldGen       total 75776K, used 21188K [0x0000000081e00000, 0x0000000086800000, 0x00000000d5f80000)
  object space 75776K, 27% used [0x0000000081e00000,0x00000000832b1228,0x0000000086800000)
 Metaspace       used 34638K, capacity 35312K, committed 35496K, reserved 1081344K
  class space    used 4050K, capacity 4255K, committed 4352K, reserved 1048576K
Event: 10.464 GC heap after
Heap after GC invocations=10 (full 2):
 PSYoungGen      total 140288K, used 0K [0x00000000d5f80000, 0x00000000e2900000, 0x0000000100000000)
  eden space 121344K, 0% used [0x00000000d5f80000,0x00000000d5f80000,0x00000000dd600000)
  from space 18944K, 0% used [0x00000000deb00000,0x00000000deb00000,0x00000000dfd80000)
  to   space 21504K, 0% used [0x00000000dd600000,0x00000000dd600000,0x00000000deb00000)
 ParOldGen       total 123392K, used 28166K [0x0000000081e00000, 0x0000000089680000, 0x00000000d5f80000)
  object space 123392K, 22% used [0x0000000081e00000,0x0000000083981ac0,0x0000000089680000)
 Metaspace       used 34606K, capacity 35220K, committed 35496K, reserved 1081344K
  class space    used 4039K, capacity 4235K, committed 4352K, reserved 1048576K
}

Deoptimization events (10 events):
Event: 44.937 Thread 0x0000000020d81000 Uncommon trap: reason=unstable_if action=reinterpret pc=0x0000000003b1d0f4 method=java.util.Vector.indexOf(Ljava/lang/Object;I)I @ 54
Event: 44.953 Thread 0x0000000020d81000 Uncommon trap: reason=unstable_if action=reinterpret pc=0x00000000030adcc8 method=com.sun.org.apache.xerces.internal.impl.io.UTF8Reader.read([CII)I @ 131
Event: 44.954 Thread 0x0000000020d81000 Uncommon trap: reason=class_check action=maybe_recompile pc=0x0000000003b9dc6c method=com.sun.org.apache.xerces.internal.parsers.AbstractSAXParser.endElement(Lcom/sun/org/apache/xerces/internal/xni/QName;Lcom/sun/org/apache/xerces/internal/xni/Augmentatio
Event: 44.954 Thread 0x0000000020d81000 Uncommon trap: reason=class_check action=maybe_recompile pc=0x0000000003b9dc6c method=com.sun.org.apache.xerces.internal.parsers.AbstractSAXParser.endElement(Lcom/sun/org/apache/xerces/internal/xni/QName;Lcom/sun/org/apache/xerces/internal/xni/Augmentatio
Event: 44.954 Thread 0x0000000020d81000 Uncommon trap: reason=class_check action=maybe_recompile pc=0x0000000003b9dc6c method=com.sun.org.apache.xerces.internal.parsers.AbstractSAXParser.endElement(Lcom/sun/org/apache/xerces/internal/xni/QName;Lcom/sun/org/apache/xerces/internal/xni/Augmentatio
Event: 44.954 Thread 0x0000000020d81000 Uncommon trap: reason=class_check action=maybe_recompile pc=0x0000000003b9dc6c method=com.sun.org.apache.xerces.internal.parsers.AbstractSAXParser.endElement(Lcom/sun/org/apache/xerces/internal/xni/QName;Lcom/sun/org/apache/xerces/internal/xni/Augmentatio
Event: 45.113 Thread 0x0000000020d81000 Uncommon trap: reason=bimorphic action=maybe_recompile pc=0x0000000003204500 method=java.util.Hashtable.put(Ljava/lang/Object;Ljava/lang/Object;)Ljava/lang/Object; @ 18
Event: 45.117 Thread 0x0000000020d81000 Uncommon trap: reason=unstable_if action=reinterpret pc=0x0000000002fe10b4 method=java.lang.StringCoding.decode(Ljava/lang/String;[BII)[C @ 51
Event: 45.141 Thread 0x0000000020d81000 Uncommon trap: reason=class_check action=maybe_recompile pc=0x00000000033b571c method=java.lang.String.equals(Ljava/lang/Object;)Z @ 8
Event: 45.144 Thread 0x0000000020d81000 Uncommon trap: reason=class_check action=maybe_recompile pc=0x00000000033b571c method=java.lang.String.equals(Ljava/lang/Object;)Z @ 8

Internal exceptions (10 events):
Event: 10.574 Thread 0x000000001ba89000 Exception <a 'java/lang/ArrayIndexOutOfBoundsException': 14345> (0x00000000d6c3dfa8) thrown at [C:\re\workspace\8-2-build-windows-amd64-cygwin\jdk8u144\9417\hotspot\src\share\vm\interpreter\interpreterRuntime.cpp, line 366]
Event: 44.961 Thread 0x0000000020d81000 Exception <a 'java/lang/ClassNotFoundException': org/apache/taglibs/standard/tag/rt/core/IfTagBeanInfo> (0x00000000d834e2a8) thrown at [C:\re\workspace\8-2-build-windows-amd64-cygwin\jdk8u144\9417\hotspot\src\share\vm\classfile\systemDictionary.cpp, line 
Event: 44.961 Thread 0x0000000020d81000 Exception <a 'java/lang/ClassNotFoundException': javax/servlet/jsp/jstl/core/ConditionalTagSupportBeanInfo> (0x00000000d8366d80) thrown at [C:\re\workspace\8-2-build-windows-amd64-cygwin\jdk8u144\9417\hotspot\src\share\vm\classfile\systemDictionary.cpp, l
Event: 44.962 Thread 0x0000000020d81000 Exception <a 'java/lang/ClassNotFoundException': javax/servlet/jsp/tagext/TagSupportBeanInfo> (0x00000000d837cad0) thrown at [C:\re\workspace\8-2-build-windows-amd64-cygwin\jdk8u144\9417\hotspot\src\share\vm\classfile\systemDictionary.cpp, line 210]
Event: 44.962 Thread 0x0000000020d81000 Exception <a 'java/lang/ClassNotFoundException': java/lang/ObjectBeanInfo> (0x00000000d84b56e0) thrown at [C:\re\workspace\8-2-build-windows-amd64-cygwin\jdk8u144\9417\hotspot\src\share\vm\classfile\systemDictionary.cpp, line 210]
Event: 44.962 Thread 0x0000000020d81000 Exception <a 'java/lang/ClassNotFoundException': java/lang/ObjectCustomizer> (0x00000000d84bf5d8) thrown at [C:\re\workspace\8-2-build-windows-amd64-cygwin\jdk8u144\9417\hotspot\src\share\vm\classfile\systemDictionary.cpp, line 210]
Event: 44.968 Thread 0x0000000020d81000 Exception <a 'java/lang/ClassNotFoundException': javax/servlet/jsp/tagext/TagSupportCustomizer> (0x00000000d84ea720) thrown at [C:\re\workspace\8-2-build-windows-amd64-cygwin\jdk8u144\9417\hotspot\src\share\vm\classfile\systemDictionary.cpp, line 210]
Event: 44.970 Thread 0x0000000020d81000 Exception <a 'java/lang/ClassNotFoundException': javax/servlet/jsp/jstl/core/ConditionalTagSupportCustomizer> (0x00000000d85117e8) thrown at [C:\re\workspace\8-2-build-windows-amd64-cygwin\jdk8u144\9417\hotspot\src\share\vm\classfile\systemDictionary.cpp,
Event: 44.971 Thread 0x0000000020d81000 Exception <a 'java/lang/ClassNotFoundException': org/apache/taglibs/standard/tag/rt/core/IfTagCustomizer> (0x00000000d8530000) thrown at [C:\re\workspace\8-2-build-windows-amd64-cygwin\jdk8u144\9417\hotspot\src\share\vm\classfile\systemDictionary.cpp, lin
Event: 44.985 Thread 0x0000000020d81000 Exception <a 'java/lang/ArrayIndexOutOfBoundsException'> (0x00000000d85983f0) thrown at [C:\re\workspace\8-2-build-windows-amd64-cygwin\jdk8u144\9417\hotspot\src\share\vm\runtime\sharedRuntime.cpp, line 605]

Events (10 events):
Event: 45.143 loading class org/apache/el/lang/ELArithmetic$LongDelegate done
Event: 45.143 loading class org/apache/el/lang/ELArithmetic$LongDelegate
Event: 45.143 loading class org/apache/el/lang/ELArithmetic$LongDelegate done
Event: 45.144 Thread 0x0000000020d81000 Uncommon trap: trap_request=0xffffffde fr.pc=0x00000000033b571c
Event: 45.144 Thread 0x0000000020d81000 DEOPT PACKING pc=0x00000000033b571c sp=0x0000000022cbdd30
Event: 45.144 Thread 0x0000000020d81000 DEOPT UNPACKING pc=0x0000000002f0582a sp=0x0000000022cbdcc0 mode 2
Event: 45.145 loading class org/apache/jasper/runtime/JspRuntimeLibrary
Event: 45.145 loading class org/apache/jasper/runtime/JspRuntimeLibrary done
Event: 45.145 loading class org/apache/jasper/runtime/JspRuntimeLibrary
Event: 45.145 loading class org/apache/jasper/runtime/JspRuntimeLibrary done


Dynamic libraries:
0x00007ff795a90000 - 0x00007ff795ac7000 	D:\java8\bin\java.exe
0x00007ffa9b500000 - 0x00007ffa9b6e1000 	C:\WINDOWS\SYSTEM32\ntdll.dll
0x00007ffa9ac30000 - 0x00007ffa9ace2000 	C:\WINDOWS\System32\KERNEL32.DLL
0x00007ffa978d0000 - 0x00007ffa97b43000 	C:\WINDOWS\System32\KERNELBASE.dll
0x00007ffa98ed0000 - 0x00007ffa98f71000 	C:\WINDOWS\System32\ADVAPI32.dll
0x00007ffa9b140000 - 0x00007ffa9b1de000 	C:\WINDOWS\System32\msvcrt.dll
0x00007ffa98f80000 - 0x00007ffa98fdb000 	C:\WINDOWS\System32\sechost.dll
0x00007ffa9a7e0000 - 0x00007ffa9a904000 	C:\WINDOWS\System32\RPCRT4.dll
0x00007ffa98d30000 - 0x00007ffa98ec0000 	C:\WINDOWS\System32\USER32.dll
0x00007ffa98680000 - 0x00007ffa986a0000 	C:\WINDOWS\System32\win32u.dll
0x00007ffa992f0000 - 0x00007ffa99318000 	C:\WINDOWS\System32\GDI32.dll
0x00007ffa984e0000 - 0x00007ffa98672000 	C:\WINDOWS\System32\gdi32full.dll
0x00007ffa98700000 - 0x00007ffa9879f000 	C:\WINDOWS\System32\msvcp_win.dll
0x00007ffa97b50000 - 0x00007ffa97c4a000 	C:\WINDOWS\System32\ucrtbase.dll
0x00007ffa8b2f0000 - 0x00007ffa8b559000 	C:\WINDOWS\WinSxS\amd64_microsoft.windows.common-controls_6595b64144ccf1df_6.0.17134.407_none_fb449d63306391e9\COMCTL32.dll
0x00007ffa98990000 - 0x00007ffa98cb2000 	C:\WINDOWS\System32\combase.dll
0x00007ffa98410000 - 0x00007ffa9848a000 	C:\WINDOWS\System32\bcryptPrimitives.dll
0x00007ffa9ab10000 - 0x00007ffa9ab3d000 	C:\WINDOWS\System32\IMM32.DLL
0x000000005b210000 - 0x000000005b2e2000 	D:\java8\jre\bin\msvcr100.dll
0x00000000586f0000 - 0x0000000058f8d000 	D:\java8\jre\bin\server\jvm.dll
0x00007ffa98d20000 - 0x00007ffa98d28000 	C:\WINDOWS\System32\PSAPI.DLL
0x00007ffa942c0000 - 0x00007ffa942e3000 	C:\WINDOWS\SYSTEM32\WINMM.dll
0x00007ffa80520000 - 0x00007ffa80529000 	C:\WINDOWS\SYSTEM32\WSOCK32.dll
0x00007ffa8d1b0000 - 0x00007ffa8d1ba000 	C:\WINDOWS\SYSTEM32\VERSION.dll
0x00007ffa9a770000 - 0x00007ffa9a7dc000 	C:\WINDOWS\System32\WS2_32.dll
0x00007ffa94290000 - 0x00007ffa942ba000 	C:\WINDOWS\SYSTEM32\WINMMBASE.dll
0x00007ffa98490000 - 0x00007ffa984d9000 	C:\WINDOWS\System32\cfgmgr32.dll
0x000000005b200000 - 0x000000005b20f000 	D:\java8\jre\bin\verify.dll
0x000000005b1d0000 - 0x000000005b1f9000 	D:\java8\jre\bin\java.dll
0x000000005ac50000 - 0x000000005ac73000 	D:\java8\jre\bin\instrument.dll
0x000000005b1b0000 - 0x000000005b1c6000 	D:\java8\jre\bin\zip.dll
0x00007ffa99330000 - 0x00007ffa9a76f000 	C:\WINDOWS\System32\SHELL32.dll
0x00007ffa9b420000 - 0x00007ffa9b4c9000 	C:\WINDOWS\System32\shcore.dll
0x00007ffa97c50000 - 0x00007ffa9835d000 	C:\WINDOWS\System32\windows.storage.dll
0x00007ffa98cc0000 - 0x00007ffa98d11000 	C:\WINDOWS\System32\shlwapi.dll
0x00007ffa97850000 - 0x00007ffa97861000 	C:\WINDOWS\System32\kernel.appcore.dll
0x00007ffa97830000 - 0x00007ffa9784f000 	C:\WINDOWS\System32\profapi.dll
0x00007ffa97870000 - 0x00007ffa978bc000 	C:\WINDOWS\System32\powrprof.dll
0x00007ffa978c0000 - 0x00007ffa978ca000 	C:\WINDOWS\System32\FLTLIB.DLL
0x00007ffa92390000 - 0x00007ffa923aa000 	D:\IDEA\IntelliJ IDEA 2018.2.5\bin\breakgen64.dll
0x000000005b190000 - 0x000000005b1aa000 	D:\java8\jre\bin\net.dll
0x00007ffa96d30000 - 0x00007ffa96d96000 	C:\WINDOWS\system32\mswsock.dll
0x000000005b170000 - 0x000000005b181000 	D:\java8\jre\bin\nio.dll
0x000000005b160000 - 0x000000005b16d000 	D:\java8\jre\bin\management.dll
0x00007ffa97530000 - 0x00007ffa97547000 	C:\WINDOWS\SYSTEM32\CRYPTSP.dll
0x00007ffa96910000 - 0x00007ffa96943000 	C:\WINDOWS\system32\rsaenh.dll
0x00007ffa97330000 - 0x00007ffa97355000 	C:\WINDOWS\SYSTEM32\bcrypt.dll
0x00007ffa97710000 - 0x00007ffa97738000 	C:\WINDOWS\SYSTEM32\USERENV.dll
0x00007ffa96ee0000 - 0x00007ffa96eeb000 	C:\WINDOWS\SYSTEM32\CRYPTBASE.dll
0x00007ffa96ab0000 - 0x00007ffa96ae8000 	C:\WINDOWS\SYSTEM32\IPHLPAPI.DLL
0x00007ffa99320000 - 0x00007ffa99328000 	C:\WINDOWS\System32\NSI.dll
0x00007ffa8d0a0000 - 0x00007ffa8d0b6000 	C:\WINDOWS\SYSTEM32\dhcpcsvc6.DLL
0x00007ffa8d190000 - 0x00007ffa8d1aa000 	C:\WINDOWS\SYSTEM32\dhcpcsvc.DLL

VM Arguments:
jvm_args: -Dmaven.multiModuleProjectDirectory=G:\PersonalPage -Dmaven.home=D:\IDEA\IntelliJ IDEA 2018.2.5\plugins\maven\lib\maven3 -Dclassworlds.conf=D:\IDEA\IntelliJ IDEA 2018.2.5\plugins\maven\lib\maven3\bin\m2.conf -javaagent:D:\IDEA\IntelliJ IDEA 2018.2.5\lib\idea_rt.jar=58997:D:\IDEA\IntelliJ IDEA 2018.2.5\bin -Dfile.encoding=UTF-8 
java_command: org.codehaus.classworlds.Launcher -Didea.version=2018.2.5 -s G:\7-8-上午-1-mvean\settings.xml org.eclipse.jetty:jetty-maven-plugin:9.4.8.v20171121:run
java_class_path (initial): D:\IDEA\IntelliJ IDEA 2018.2.5\plugins\maven\lib\maven3\boot\plexus-classworlds-2.5.2.jar;D:\IDEA\IntelliJ IDEA 2018.2.5\lib\idea_rt.jar
Launcher Type: SUN_STANDARD

Environment Variables:
JAVA_HOME=D:\java8
CLASSPATH=.;D:\java8\lib\dt.jar;D:\java8\lib\tools.jar;D:\360安全下载\JDBC2017Sqlserver数据库连接JAR包\sqljdbc_6.4\chs\mssql-jdbc-6.4.0.jre8.JAR；D:\MySQL\commons-pool2-2.6.0\commons-pool2-2.6.0.jar;D:\MySQL\commons-dbcp2-2.5.0\commons-dbcp2-2.5.0.jar
PATH=C:\Program Files\NVIDIA GPU Computing Toolkit\CUDA\v8.0\bin;C:\Program Files\NVIDIA GPU Computing Toolkit\CUDA\v8.0\libnvvp;E:\Anaconda;E:\Anaconda\Library\mingw-w64\bin;E:\Anaconda\Library\usr\bin;E:\Anaconda\Library\bin;E:\Anaconda\Scripts;G:\app\Lenovo\product\11.2.0\dbhome_1\bin;d:\java8\bin;c:\Program Files (x86)\Intel\iCLS Client\;C:\Windows\system32;C:\Windows;C:\Windows\System32\Wbem;C:\Windows\System32\WindowsPowerShell\v1.0\;C:\Program Files (x86)\NVIDIA Corporation\PhysX\Common;D:\MinGW\bin;C:\Program Files\Microsoft SQL Server\Client SDK\ODBC\130\Tools\Binn;D:\MySqlsever\bin;D:\MySQL\MySQL Server 5.5\bin;C:\WINDOWS\system32;C:\WINDOWS;C:\WINDOWS\System32\Wbem;C:\WINDOWS\System32\WindowsPowerShell\v1.0\;C:\WINDOWS\System32\OpenSSH\;C:\Program Files\TortoiseSVN\bin;E:\gradle-4.10.2\bin;C:\Users\Lenovo\AppData\Local\Microsoft\WindowsApps;
USERNAME=Lenovo
OS=Windows_NT
PROCESSOR_IDENTIFIER=Intel64 Family 6 Model 158 Stepping 9, GenuineIntel



---------------  S Y S T E M  ---------------

OS: Windows 10.0 , 64 bit Build 17134 (10.0.17134.1)

CPU:total 8 (initial active 8) (4 cores per cpu, 2 threads per core) family 6 model 158 stepping 9, cmov, cx8, fxsr, mmx, sse, sse2, sse3, ssse3, sse4.1, sse4.2, popcnt, avx, avx2, aes, clmul, erms, 3dnowpref, lzcnt, ht, tsc, tscinvbit, bmi1, bmi2, adx

Memory: 4k page, physical 8260772k(543152k free), swap 16125088k(5556k free)

vm_info: Java HotSpot(TM) 64-Bit Server VM (25.144-b01) for windows-amd64 JRE (1.8.0_144-b01), built on Jul 21 2017 21:57:33 by "java_re" with MS VC++ 10.0 (VS2010)

time: Sun Dec 09 18:51:14 2018
elapsed time: 45 seconds (0d 0h 0m 45s)

